  MainUI.cpp
D:\UI\UI\EspString.hpp(151,29): warning C4244: “return”: 从“__int64”转换到“unsigned int”，可能丢失数据
D:\UI\UI\EspString.hpp(159,22): warning C4244: “return”: 从“__int64”转换到“unsigned int”，可能丢失数据
D:\UI\UI\EspString.hpp(177,25): warning C4244: “return”: 从“__int64”转换到“unsigned int”，可能丢失数据
D:\UI\UI\EspString.hpp(193,21): warning C4244: “return”: 从“__int64”转换到“unsigned int”，可能丢失数据
D:\UI\UI\EspString.hpp(213,21): warning C4244: “return”: 从“__int64”转换到“unsigned int”，可能丢失数据
D:\UI\UI\MainUI.cpp(74,274): warning C4311: “类型强制转换”: 从“HFONT”到“unsigned int”的指针截断
D:\UI\UI\MainUI.cpp(74,274): warning C4302: “类型强制转换”: 从“HFONT”到“unsigned int”截断
D:\UI\UI\MainUI.cpp(75,224): warning C4311: “类型强制转换”: 从“HFONT”到“unsigned int”的指针截断
D:\UI\UI\MainUI.cpp(75,224): warning C4302: “类型强制转换”: 从“HFONT”到“unsigned int”截断
D:\UI\UI\MainUI.cpp(76,248): warning C4311: “类型强制转换”: 从“HFONT”到“unsigned int”的指针截断
D:\UI\UI\MainUI.cpp(76,248): warning C4302: “类型强制转换”: 从“HFONT”到“unsigned int”截断
D:\UI\UI\MainUI.cpp(91,6): warning C4312: “类型强制转换”: 从“unsigned int”转换到更大的“HWND”
D:\UI\UI\MainUI.cpp(92,28): warning C4312: “类型强制转换”: 从“unsigned int”转换到更大的“HDC”
D:\UI\UI\MainUI.cpp(104,84): warning C4311: “类型强制转换”: 从“unsigned char *”到“long”的指针截断
D:\UI\UI\MainUI.cpp(104,84): warning C4302: “类型强制转换”: 从“unsigned char *”到“long”截断
D:\UI\UI\MainUI.cpp(108,29): warning C4244: “return”: 从“LRESULT”转换到“long”，可能丢失数据
D:\UI\UI\MainUI.cpp(142,24): warning C4244: “return”: 从“LRESULT”转换到“long”，可能丢失数据
D:\UI\UI\MainUI.cpp(157,269): warning C4311: “类型强制转换”: 从“HFONT”到“unsigned int”的指针截断
D:\UI\UI\MainUI.cpp(157,269): warning C4302: “类型强制转换”: 从“HFONT”到“unsigned int”截断
D:\UI\UI\MainUI.cpp(158,252): warning C4311: “类型强制转换”: 从“HFONT”到“unsigned int”的指针截断
D:\UI\UI\MainUI.cpp(158,252): warning C4302: “类型强制转换”: 从“HFONT”到“unsigned int”截断
D:\UI\UI\MainUI.cpp(159,210): warning C4311: “类型强制转换”: 从“HFONT”到“unsigned int”的指针截断
D:\UI\UI\MainUI.cpp(159,210): warning C4302: “类型强制转换”: 从“HFONT”到“unsigned int”截断
D:\UI\UI\MainUI.cpp(160,253): warning C4311: “类型强制转换”: 从“HFONT”到“unsigned int”的指针截断
D:\UI\UI\MainUI.cpp(160,253): warning C4302: “类型强制转换”: 从“HFONT”到“unsigned int”截断
D:\UI\UI\MainUI.cpp(161,225): warning C4311: “类型强制转换”: 从“HFONT”到“unsigned int”的指针截断
D:\UI\UI\MainUI.cpp(161,225): warning C4302: “类型强制转换”: 从“HFONT”到“unsigned int”截断
D:\UI\UI\MainUI.cpp(162,256): warning C4311: “类型强制转换”: 从“HFONT”到“unsigned int”的指针截断
D:\UI\UI\MainUI.cpp(162,256): warning C4302: “类型强制转换”: 从“HFONT”到“unsigned int”截断
D:\UI\UI\MainUI.cpp(163,247): warning C4311: “类型强制转换”: 从“HFONT”到“unsigned int”的指针截断
D:\UI\UI\MainUI.cpp(163,247): warning C4302: “类型强制转换”: 从“HFONT”到“unsigned int”截断
D:\UI\UI\MainUI.cpp(164,243): warning C4311: “类型强制转换”: 从“HFONT”到“unsigned int”的指针截断
D:\UI\UI\MainUI.cpp(164,243): warning C4302: “类型强制转换”: 从“HFONT”到“unsigned int”截断
D:\UI\UI\MainUI.cpp(165,242): warning C4311: “类型强制转换”: 从“HFONT”到“unsigned int”的指针截断
D:\UI\UI\MainUI.cpp(165,242): warning C4302: “类型强制转换”: 从“HFONT”到“unsigned int”截断
D:\UI\UI\MainUI.cpp(166,94): warning C4311: “类型强制转换”: 从“const char *”到“long”的指针截断
D:\UI\UI\MainUI.cpp(166,94): warning C4302: “类型强制转换”: 从“const char *”到“long”截断
D:\UI\UI\MainUI.cpp(167,90): warning C4311: “类型强制转换”: 从“const char *”到“long”的指针截断
D:\UI\UI\MainUI.cpp(167,90): warning C4302: “类型强制转换”: 从“const char *”到“long”截断
D:\UI\UI\MainUI.cpp(174,6): warning C4312: “类型强制转换”: 从“unsigned int”转换到更大的“HWND”
D:\UI\UI\MainUI.cpp(175,28): warning C4312: “类型强制转换”: 从“unsigned int”转换到更大的“HDC”
D:\UI\UI\MainUI.cpp(248,24): warning C4244: “return”: 从“LRESULT”转换到“long”，可能丢失数据
D:\UI\UI\MainUI.cpp(280,24): warning C4244: “return”: 从“LRESULT”转换到“long”，可能丢失数据
D:\UI\UI\MainUI.cpp(295,299): warning C4311: “类型强制转换”: 从“HFONT”到“unsigned int”的指针截断
D:\UI\UI\MainUI.cpp(295,299): warning C4302: “类型强制转换”: 从“HFONT”到“unsigned int”截断
D:\UI\UI\MainUI.cpp(296,302): warning C4311: “类型强制转换”: 从“HFONT”到“unsigned int”的指针截断
D:\UI\UI\MainUI.cpp(296,302): warning C4302: “类型强制转换”: 从“HFONT”到“unsigned int”截断
D:\UI\UI\MainUI.cpp(297,243): warning C4311: “类型强制转换”: 从“HFONT”到“unsigned int”的指针截断
D:\UI\UI\MainUI.cpp(297,243): warning C4302: “类型强制转换”: 从“HFONT”到“unsigned int”截断
D:\UI\UI\MainUI.cpp(298,97): warning C4311: “类型强制转换”: 从“const char *”到“long”的指针截断
D:\UI\UI\MainUI.cpp(298,97): warning C4302: “类型强制转换”: 从“const char *”到“long”截断
D:\UI\UI\MainUI.cpp(299,250): warning C4311: “类型强制转换”: 从“HFONT”到“unsigned int”的指针截断
D:\UI\UI\MainUI.cpp(299,250): warning C4302: “类型强制转换”: 从“HFONT”到“unsigned int”截断
D:\UI\UI\MainUI.cpp(300,232): warning C4311: “类型强制转换”: 从“HFONT”到“unsigned int”的指针截断
D:\UI\UI\MainUI.cpp(300,232): warning C4302: “类型强制转换”: 从“HFONT”到“unsigned int”截断
D:\UI\UI\MainUI.cpp(301,236): warning C4311: “类型强制转换”: 从“HFONT”到“unsigned int”的指针截断
D:\UI\UI\MainUI.cpp(301,236): warning C4302: “类型强制转换”: 从“HFONT”到“unsigned int”截断
D:\UI\UI\MainUI.cpp(302,250): warning C4311: “类型强制转换”: 从“HFONT”到“unsigned int”的指针截断
D:\UI\UI\MainUI.cpp(302,250): warning C4302: “类型强制转换”: 从“HFONT”到“unsigned int”截断
D:\UI\UI\MainUI.cpp(303,232): warning C4311: “类型强制转换”: 从“HFONT”到“unsigned int”的指针截断
D:\UI\UI\MainUI.cpp(303,232): warning C4302: “类型强制转换”: 从“HFONT”到“unsigned int”截断
D:\UI\UI\MainUI.cpp(309,6): warning C4312: “类型强制转换”: 从“unsigned int”转换到更大的“HWND”
D:\UI\UI\MainUI.cpp(310,28): warning C4312: “类型强制转换”: 从“unsigned int”转换到更大的“HDC”
D:\UI\UI\MainUI.cpp(311,6): warning C4312: “类型强制转换”: 从“unsigned int”转换到更大的“HWND”
D:\UI\UI\MainUI.cpp(312,28): warning C4312: “类型强制转换”: 从“unsigned int”转换到更大的“HDC”
D:\UI\UI\MainUI.cpp(313,6): warning C4312: “类型强制转换”: 从“unsigned int”转换到更大的“HWND”
D:\UI\UI\MainUI.cpp(314,28): warning C4312: “类型强制转换”: 从“unsigned int”转换到更大的“HDC”
D:\UI\UI\MainUI.cpp(315,6): warning C4312: “类型强制转换”: 从“unsigned int”转换到更大的“HWND”
D:\UI\UI\MainUI.cpp(316,28): warning C4312: “类型强制转换”: 从“unsigned int”转换到更大的“HDC”
D:\UI\UI\MainUI.cpp(334,24): warning C4244: “return”: 从“LRESULT”转换到“long”，可能丢失数据
D:\UI\UI\MainUI.cpp(366,24): warning C4244: “return”: 从“LRESULT”转换到“long”，可能丢失数据
D:\UI\UI\EspString.hpp(343): warning C4715: “EspString::GetCharAt”: 不是所有的控件路径都返回值
  UI.vcxproj -> D:\UI\x64\Debug\UI.exe
